<?xml version="1.0" encoding="UTF-8"?>
<!-- Generated by org.testng.reporters.JUnitXMLReporter -->
<testsuite hostname="WSPF1KM48H" name="SalesForce Test" tests="3" failures="2" timestamp="8 Feb 2021 16:20:46 GMT" time="53.891" errors="0">
  <testcase name="@AfterMethod afterMethod" time="0.0" classname="org.SalesForceTestAutomation.tests.CP_03_navigateToSettings">
    <failure type="org.openqa.selenium.WebDriverException" message="chrome not reachable
  (Session info: chrome=88.0.4324.150)
Build info: version: &amp;apos;3.141.59&amp;apos;, revision: &amp;apos;e82be7d358&amp;apos;, time: &amp;apos;2018-11-14T08:25:53&amp;apos;
System info: host: &amp;apos;WSPF1KM48H&amp;apos;, ip: &amp;apos;10.245.205.86&amp;apos;, os.name: &amp;apos;Windows 10&amp;apos;, os.arch: &amp;apos;amd64&amp;apos;, os.version: &amp;apos;10.0&amp;apos;, java.version: &amp;apos;1.8.0_281&amp;apos;
Driver info: org.openqa.selenium.chrome.ChromeDriver
Capabilities {acceptInsecureCerts: false, browserName: chrome, browserVersion: 88.0.4324.150, chrome: {chromedriverVersion: 88.0.4324.96 (68dba2d8a0b14..., userDataDir: chromeProfilePath}, goog:chromeOptions: {debuggerAddress: localhost:65044}, javascriptEnabled: true, networkConnectionEnabled: false, pageLoadStrategy: normal, platform: WINDOWS, platformName: WINDOWS, proxy: Proxy(), setWindowRect: true, strictFileInteractability: false, timeouts: {implicit: 0, pageLoad: 300000, script: 30000}, unhandledPromptBehavior: dismiss and notify, webauthn:extension:largeBlob: true, webauthn:virtualAuthenticators: true}
Session ID: 571837aded05257e9a43a5483541872d">
      <![CDATA[org.openqa.selenium.WebDriverException: chrome not reachable
  (Session info: chrome=88.0.4324.150)
Build info: version: '3.141.59', revision: 'e82be7d358', time: '2018-11-14T08:25:53'
System info: host: 'WSPF1KM48H', ip: '10.245.205.86', os.name: 'Windows 10', os.arch: 'amd64', os.version: '10.0', java.version: '1.8.0_281'
Driver info: org.openqa.selenium.chrome.ChromeDriver
Capabilities {acceptInsecureCerts: false, browserName: chrome, browserVersion: 88.0.4324.150, chrome: {chromedriverVersion: 88.0.4324.96 (68dba2d8a0b14..., userDataDir: chromeProfilePath}, goog:chromeOptions: {debuggerAddress: localhost:65044}, javascriptEnabled: true, networkConnectionEnabled: false, pageLoadStrategy: normal, platform: WINDOWS, platformName: WINDOWS, proxy: Proxy(), setWindowRect: true, strictFileInteractability: false, timeouts: {implicit: 0, pageLoad: 300000, script: 30000}, unhandledPromptBehavior: dismiss and notify, webauthn:extension:largeBlob: true, webauthn:virtualAuthenticators: true}
Session ID: 571837aded05257e9a43a5483541872d
	at org.openqa.selenium.remote.http.W3CHttpResponseCodec.createException(W3CHttpResponseCodec.java:187)
	at org.openqa.selenium.remote.http.W3CHttpResponseCodec.decode(W3CHttpResponseCodec.java:122)
	at org.openqa.selenium.remote.http.W3CHttpResponseCodec.decode(W3CHttpResponseCodec.java:49)
	at org.openqa.selenium.remote.HttpCommandExecutor.execute(HttpCommandExecutor.java:158)
	at org.openqa.selenium.remote.service.DriverCommandExecutor.execute(DriverCommandExecutor.java:83)
	at org.openqa.selenium.remote.RemoteWebDriver.execute(RemoteWebDriver.java:552)
	at org.openqa.selenium.remote.RemoteWebDriver.execute(RemoteWebDriver.java:609)
	at org.openqa.selenium.remote.RemoteWebDriver.close(RemoteWebDriver.java:442)
	at org.SalesForceTestAutomation.baseClass.TestBase.closeBrowser(TestBase.java:87)
	at org.SalesForceTestAutomation.tests.CP_03_navigateToSettings.afterMethod(CP_03_navigateToSettings.java:46)
... Removed 31 stack frames]]>
    </failure>
  </testcase> <!-- @AfterMethod afterMethod -->
  <testcase name="@AfterClass tearDown" time="0.0" classname="org.SalesForceTestAutomation.tests.CP_03_navigateToSettings">
    <skipped/>
  </testcase> <!-- @AfterClass tearDown -->
  <testcase name="sF_createNewContact" time="17.905" classname="org.SalesForceTestAutomation.tests.CP_01_createNewContact">
    <failure type="org.openqa.selenium.ElementClickInterceptedException" message="element click intercepted: Element &amp;lt;span class=&amp;quot; label bBody&amp;quot; dir=&amp;quot;ltr&amp;quot; data-aura-rendered-by=&amp;quot;1284:0&amp;quot;&amp;gt;...&amp;lt;/span&amp;gt; is not clickable at point (1223, 493). Other element would receive the click: &amp;lt;div class=&amp;quot;panel slds-modal slds-fade-in-open&amp;quot; aria-labelledby=&amp;quot;title_30:2495;a&amp;quot; aria-describedby=&amp;quot;content_30:2495;a&amp;quot; tabindex=&amp;quot;-1&amp;quot; role=&amp;quot;dialog&amp;quot; aria-modal=&amp;quot;true&amp;quot; data-aura-rendered-by=&amp;quot;45:2495;a&amp;quot; style=&amp;quot;opacity: 1;&amp;quot;&amp;gt;...&amp;lt;/div&amp;gt;
  (Session info: chrome=88.0.4324.150)
Build info: version: &amp;apos;3.141.59&amp;apos;, revision: &amp;apos;e82be7d358&amp;apos;, time: &amp;apos;2018-11-14T08:25:53&amp;apos;
System info: host: &amp;apos;WSPF1KM48H&amp;apos;, ip: &amp;apos;10.245.205.86&amp;apos;, os.name: &amp;apos;Windows 10&amp;apos;, os.arch: &amp;apos;amd64&amp;apos;, os.version: &amp;apos;10.0&amp;apos;, java.version: &amp;apos;1.8.0_281&amp;apos;
Driver info: org.openqa.selenium.chrome.ChromeDriver
Capabilities {acceptInsecureCerts: false, browserName: chrome, browserVersion: 88.0.4324.150, chrome: {chromedriverVersion: 88.0.4324.96 (68dba2d8a0b14..., userDataDir: chromeProfilePath}, goog:chromeOptions: {debuggerAddress: localhost:64980}, javascriptEnabled: true, networkConnectionEnabled: false, pageLoadStrategy: normal, platform: WINDOWS, platformName: WINDOWS, proxy: Proxy(), setWindowRect: true, strictFileInteractability: false, timeouts: {implicit: 0, pageLoad: 300000, script: 30000}, unhandledPromptBehavior: dismiss and notify, webauthn:extension:largeBlob: true, webauthn:virtualAuthenticators: true}
Session ID: bcb3d5541a529d604dbe4b3c439a41e5">
      <![CDATA[org.openqa.selenium.ElementClickInterceptedException: element click intercepted: Element <span class=" label bBody" dir="ltr" data-aura-rendered-by="1284:0">...</span> is not clickable at point (1223, 493). Other element would receive the click: <div class="panel slds-modal slds-fade-in-open" aria-labelledby="title_30:2495;a" aria-describedby="content_30:2495;a" tabindex="-1" role="dialog" aria-modal="true" data-aura-rendered-by="45:2495;a" style="opacity: 1;">...</div>
  (Session info: chrome=88.0.4324.150)
Build info: version: '3.141.59', revision: 'e82be7d358', time: '2018-11-14T08:25:53'
System info: host: 'WSPF1KM48H', ip: '10.245.205.86', os.name: 'Windows 10', os.arch: 'amd64', os.version: '10.0', java.version: '1.8.0_281'
Driver info: org.openqa.selenium.chrome.ChromeDriver
Capabilities {acceptInsecureCerts: false, browserName: chrome, browserVersion: 88.0.4324.150, chrome: {chromedriverVersion: 88.0.4324.96 (68dba2d8a0b14..., userDataDir: chromeProfilePath}, goog:chromeOptions: {debuggerAddress: localhost:64980}, javascriptEnabled: true, networkConnectionEnabled: false, pageLoadStrategy: normal, platform: WINDOWS, platformName: WINDOWS, proxy: Proxy(), setWindowRect: true, strictFileInteractability: false, timeouts: {implicit: 0, pageLoad: 300000, script: 30000}, unhandledPromptBehavior: dismiss and notify, webauthn:extension:largeBlob: true, webauthn:virtualAuthenticators: true}
Session ID: bcb3d5541a529d604dbe4b3c439a41e5
	at org.openqa.selenium.remote.http.W3CHttpResponseCodec.createException(W3CHttpResponseCodec.java:187)
	at org.openqa.selenium.remote.http.W3CHttpResponseCodec.decode(W3CHttpResponseCodec.java:122)
	at org.openqa.selenium.remote.http.W3CHttpResponseCodec.decode(W3CHttpResponseCodec.java:49)
	at org.openqa.selenium.remote.HttpCommandExecutor.execute(HttpCommandExecutor.java:158)
	at org.openqa.selenium.remote.service.DriverCommandExecutor.execute(DriverCommandExecutor.java:83)
	at org.openqa.selenium.remote.RemoteWebDriver.execute(RemoteWebDriver.java:552)
	at org.openqa.selenium.remote.RemoteWebElement.execute(RemoteWebElement.java:285)
	at org.openqa.selenium.remote.RemoteWebElement.click(RemoteWebElement.java:84)
	at org.openqa.selenium.support.pagefactory.internal.LocatingElementHandler.invoke(LocatingElementHandler.java:51)
	at com.sun.proxy.$Proxy14.click(Unknown Source)
	at org.SalesForceTestAutomation.pageObject.SalesforceHome_Screen.createNewContact(SalesforceHome_Screen.java:133)
	at org.SalesForceTestAutomation.tests.CP_01_createNewContact.sF_createNewContact(CP_01_createNewContact.java:45)
... Removed 33 stack frames]]>
    </failure>
  </testcase> <!-- sF_createNewContact -->
  <testcase name="SF_navigateToSettings" time="5.126" classname="org.SalesForceTestAutomation.tests.CP_03_navigateToSettings">
    <failure type="java.lang.AssertionError" message="Element Profile Icon is not present on the screen expected [true] but found [false]">
      <![CDATA[java.lang.AssertionError: Element Profile Icon is not present on the screen expected [true] but found [false]
	at org.SalesForceTestAutomation.utilities.CommonFunctions.isElementPresentOrNot(CommonFunctions.java:77)
	at org.SalesForceTestAutomation.pageObject.SalesforceHome_Screen.loginSalesForce(SalesforceHome_Screen.java:76)
	at org.SalesForceTestAutomation.tests.CP_03_navigateToSettings.SF_navigateToSettings(CP_03_navigateToSettings.java:35)
... Removed 28 stack frames]]>
    </failure>
  </testcase> <!-- SF_navigateToSettings -->
  <testcase name="SQL_UtilityTest" time="0.671" classname="org.SalesForceTestAutomation.tests.CP_04_sqlConnection"/>
</testsuite> <!-- SalesForce Test -->
