<?xml version="1.0" encoding="UTF-8"?>
<!-- Generated by org.testng.reporters.JUnitXMLReporter -->
<testsuite hostname="WSPF1KM48H" name="Unit Test - createJournalEntriesbyScheduledJobtoOnDemand" tests="2" failures="1" timestamp="10 Mar 2021 18:49:56 GMT" time="123.746" errors="0">
  <testcase name="SF_Admin_Login" time="6.762" classname="org.SalesForceTestAutomation.tests.CP_732_createJournalEntriesbyScheduledJobtoOnDemand"/>
  <testcase name="SF_Scheduled_Job_to_On_Demand" time="109.529" classname="org.SalesForceTestAutomation.tests.CP_732_createJournalEntriesbyScheduledJobtoOnDemand">
    <failure type="org.openqa.selenium.NoSuchFrameException" message="No frame element found by name or id //*[@id=&amp;quot;brandBand_2&amp;quot;]/div/div/div[2]/div/force-aloha-page/div/iframe
Build info: version: &amp;apos;3.141.59&amp;apos;, revision: &amp;apos;e82be7d358&amp;apos;, time: &amp;apos;2018-11-14T08:25:53&amp;apos;
System info: host: &amp;apos;WSPF1KM48H&amp;apos;, ip: &amp;apos;10.245.205.203&amp;apos;, os.name: &amp;apos;Windows 10&amp;apos;, os.arch: &amp;apos;amd64&amp;apos;, os.version: &amp;apos;10.0&amp;apos;, java.version: &amp;apos;1.8.0_281&amp;apos;
Driver info: driver.version: unknown">
      <![CDATA[org.openqa.selenium.NoSuchFrameException: No frame element found by name or id //*[@id="brandBand_2"]/div/div/div[2]/div/force-aloha-page/div/iframe
Build info: version: '3.141.59', revision: 'e82be7d358', time: '2018-11-14T08:25:53'
System info: host: 'WSPF1KM48H', ip: '10.245.205.203', os.name: 'Windows 10', os.arch: 'amd64', os.version: '10.0', java.version: '1.8.0_281'
Driver info: driver.version: unknown
	at org.openqa.selenium.remote.RemoteWebDriver$RemoteTargetLocator.frame(RemoteWebDriver.java:885)
	at org.SalesForceTestAutomation.pageObject.SalesForce_AccountingSubledger.VerifyScheduledJobToOnDemand(SalesForce_AccountingSubledger.java:54)
	at org.SalesForceTestAutomation.tests.CP_732_createJournalEntriesbyScheduledJobtoOnDemand.SF_Scheduled_Job_to_On_Demand(CP_732_createJournalEntriesbyScheduledJobtoOnDemand.java:51)
... Removed 25 stack frames]]>
    </failure>
  </testcase> <!-- SF_Scheduled_Job_to_On_Demand -->
</testsuite> <!-- Unit Test - createJournalEntriesbyScheduledJobtoOnDemand -->
