<?xml version="1.0" encoding="UTF-8"?>
<!-- Generated by org.testng.reporters.JUnitReportReporter -->
<testsuite skipped="2" hostname="WSPF1KM48H" name="org.SalesForceTestAutomation.tests.CP_475_onePaidOnTwoPayments" tests="3" failures="0" timestamp="10 Mar 2021 17:51:28 GMT" time="0.003" errors="1">
  <testcase name="setUp" time="0.000" classname="org.SalesForceTestAutomation.tests.CP_475_onePaidOnTwoPayments">
    <error type="org.openqa.selenium.InvalidArgumentException" message="invalid argument: user data directory is already in use, please specify a unique value for --user-data-dir argument, or don&#039;t use --user-data-dir
Build info: version: &#039;3.141.59&#039;, revision: &#039;e82be7d358&#039;, time: &#039;2018-11-14T08:25:53&#039;
System info: host: &#039;WSPF1KM48H&#039;, ip: &#039;10.245.205.203&#039;, os.name: &#039;Windows 10&#039;, os.arch: &#039;amd64&#039;, os.version: &#039;10.0&#039;, java.version: &#039;1.8.0_281&#039;
Driver info: driver.version: ChromeDriver
remote stacktrace: Backtrace:
	GetHandleVerifier [0x006BB963+483]
	GetHandleVerifier [0x006BB941+449]
	GetHandleVerifier [0x00A63308+3832712]
	GetHandleVerifier [0x00A7ABB9+3929145]
	GetHandleVerifier [0x00A77D9C+3917340]
	GetHandleVerifier [0x00A9E7FE+4075646]
	GetHandleVerifier [0x00A9E56C+4074988]
	GetHandleVerifier [0x00A9B2EB+4062059]
	GetHandleVerifier [0x00A7ED14+3945876]
	GetHandleVerifier [0x00A7FBCE+3949646]
	GetHandleVerifier [0x00A7FB59+3949529]
	Ordinal0 [0x0067B5CC+46540]
	Ordinal0 [0x00679F53+40787]
	Ordinal0 [0x00679B12+39698]
	GetHandleVerifier [0x00981468+2907368]
	GetHandleVerifier [0x007C71EE+1096302]
	GetHandleVerifier [0x00783E8D+821005]
	GetHandleVerifier [0x0078396B+819691]
	GetHandleVerifier [0x00783881+819457]
	GetHandleVerifier [0x007AF463+998627]
	BaseThreadInitThunk [0x75C9FA29+25]
	RtlGetAppContainerNamedObjectPath [0x77C07C7E+286]
	RtlGetAppContainerNamedObjectPath [0x77C07C4E+238]
">
      <![CDATA[org.openqa.selenium.InvalidArgumentException: invalid argument: user data directory is already in use, please specify a unique value for --user-data-dir argument, or don't use --user-data-dir
Build info: version: '3.141.59', revision: 'e82be7d358', time: '2018-11-14T08:25:53'
System info: host: 'WSPF1KM48H', ip: '10.245.205.203', os.name: 'Windows 10', os.arch: 'amd64', os.version: '10.0', java.version: '1.8.0_281'
Driver info: driver.version: ChromeDriver
remote stacktrace: Backtrace:
	GetHandleVerifier [0x006BB963+483]
	GetHandleVerifier [0x006BB941+449]
	GetHandleVerifier [0x00A63308+3832712]
	GetHandleVerifier [0x00A7ABB9+3929145]
	GetHandleVerifier [0x00A77D9C+3917340]
	GetHandleVerifier [0x00A9E7FE+4075646]
	GetHandleVerifier [0x00A9E56C+4074988]
	GetHandleVerifier [0x00A9B2EB+4062059]
	GetHandleVerifier [0x00A7ED14+3945876]
	GetHandleVerifier [0x00A7FBCE+3949646]
	GetHandleVerifier [0x00A7FB59+3949529]
	Ordinal0 [0x0067B5CC+46540]
	Ordinal0 [0x00679F53+40787]
	Ordinal0 [0x00679B12+39698]
	GetHandleVerifier [0x00981468+2907368]
	GetHandleVerifier [0x007C71EE+1096302]
	GetHandleVerifier [0x00783E8D+821005]
	GetHandleVerifier [0x0078396B+819691]
	GetHandleVerifier [0x00783881+819457]
	GetHandleVerifier [0x007AF463+998627]
	BaseThreadInitThunk [0x75C9FA29+25]
	RtlGetAppContainerNamedObjectPath [0x77C07C7E+286]
	RtlGetAppContainerNamedObjectPath [0x77C07C4E+238]

	at sun.reflect.NativeConstructorAccessorImpl.newInstance0(Native Method)
	at sun.reflect.NativeConstructorAccessorImpl.newInstance(Unknown Source)
	at sun.reflect.DelegatingConstructorAccessorImpl.newInstance(Unknown Source)
	at java.lang.reflect.Constructor.newInstance(Unknown Source)
	at org.openqa.selenium.remote.W3CHandshakeResponse.lambda$errorHandler$0(W3CHandshakeResponse.java:62)
	at org.openqa.selenium.remote.HandshakeResponse.lambda$getResponseFunction$0(HandshakeResponse.java:30)
	at org.openqa.selenium.remote.ProtocolHandshake.lambda$createSession$0(ProtocolHandshake.java:126)
	at java.util.stream.ReferencePipeline$3$1.accept(Unknown Source)
	at java.util.Spliterators$ArraySpliterator.tryAdvance(Unknown Source)
	at java.util.stream.ReferencePipeline.forEachWithCancel(Unknown Source)
	at java.util.stream.AbstractPipeline.copyIntoWithCancel(Unknown Source)
	at java.util.stream.AbstractPipeline.copyInto(Unknown Source)
	at java.util.stream.AbstractPipeline.wrapAndCopyInto(Unknown Source)
	at java.util.stream.FindOps$FindOp.evaluateSequential(Unknown Source)
	at java.util.stream.AbstractPipeline.evaluate(Unknown Source)
	at java.util.stream.ReferencePipeline.findFirst(Unknown Source)
	at org.openqa.selenium.remote.ProtocolHandshake.createSession(ProtocolHandshake.java:128)
	at org.openqa.selenium.remote.ProtocolHandshake.createSession(ProtocolHandshake.java:74)
	at org.openqa.selenium.remote.HttpCommandExecutor.execute(HttpCommandExecutor.java:136)
	at org.openqa.selenium.remote.service.DriverCommandExecutor.execute(DriverCommandExecutor.java:83)
	at org.openqa.selenium.remote.RemoteWebDriver.execute(RemoteWebDriver.java:552)
	at org.openqa.selenium.remote.RemoteWebDriver.startSession(RemoteWebDriver.java:213)
	at org.openqa.selenium.remote.RemoteWebDriver.<init>(RemoteWebDriver.java:131)
	at org.openqa.selenium.chrome.ChromeDriver.<init>(ChromeDriver.java:181)
	at org.openqa.selenium.chrome.ChromeDriver.<init>(ChromeDriver.java:168)
	at org.openqa.selenium.chrome.ChromeDriver.<init>(ChromeDriver.java:157)
	at org.SalesForceTestAutomation.baseClass.TestBase.setUp(TestBase.java:39)
	at sun.reflect.NativeMethodAccessorImpl.invoke0(Native Method)
	at sun.reflect.NativeMethodAccessorImpl.invoke(Unknown Source)
	at sun.reflect.DelegatingMethodAccessorImpl.invoke(Unknown Source)
	at java.lang.reflect.Method.invoke(Unknown Source)
	at org.testng.internal.MethodInvocationHelper.invokeMethod(MethodInvocationHelper.java:100)
	at org.testng.internal.Invoker.invokeConfigurationMethod(Invoker.java:515)
	at org.testng.internal.Invoker.invokeConfigurations(Invoker.java:216)
	at org.testng.internal.Invoker.invokeConfigurations(Invoker.java:143)
	at org.testng.internal.TestMethodWorker.invokeBeforeClassMethods(TestMethodWorker.java:169)
	at org.testng.internal.TestMethodWorker.run(TestMethodWorker.java:108)
	at org.testng.TestRunner.privateRun(TestRunner.java:753)
	at org.testng.TestRunner.run(TestRunner.java:607)
	at org.testng.SuiteRunner.runTest(SuiteRunner.java:368)
	at org.testng.SuiteRunner.runSequentially(SuiteRunner.java:363)
	at org.testng.SuiteRunner.privateRun(SuiteRunner.java:321)
	at org.testng.SuiteRunner.run(SuiteRunner.java:270)
	at org.testng.SuiteRunnerWorker.runSuite(SuiteRunnerWorker.java:52)
	at org.testng.SuiteRunnerWorker.run(SuiteRunnerWorker.java:86)
	at org.testng.TestNG.runSuitesSequentially(TestNG.java:1284)
	at org.testng.TestNG.runSuitesLocally(TestNG.java:1209)
	at org.testng.TestNG.runSuites(TestNG.java:1124)
	at org.testng.TestNG.run(TestNG.java:1096)
	at org.testng.remote.AbstractRemoteTestNG.run(AbstractRemoteTestNG.java:132)
	at org.testng.remote.RemoteTestNG.initAndRun(RemoteTestNG.java:236)
	at org.testng.remote.RemoteTestNG.main(RemoteTestNG.java:81)
]]>
    </error>
  </testcase> <!-- setUp -->
  <testcase name="salesForce_Opportunity" time="0.001" classname="org.SalesForceTestAutomation.tests.CP_475_onePaidOnTwoPayments">
    <skipped/>
  </testcase> <!-- salesForce_Opportunity -->
  <testcase name="salesForce_HomeScreen" time="0.002" classname="org.SalesForceTestAutomation.tests.CP_475_onePaidOnTwoPayments">
    <skipped/>
  </testcase> <!-- salesForce_HomeScreen -->
</testsuite> <!-- org.SalesForceTestAutomation.tests.CP_475_onePaidOnTwoPayments -->
